CRITICAL - 2020-08-11 03:13:36 --> Cache unable to write to /var/www/html/hapnanarsad.tech/writable/cache/
#0 /var/www/html/hapnanarsad.tech/vendor/codeigniter4/framework/system/Cache/Handlers/FileHandler.php(78): CodeIgniter\Cache\Exceptions\CacheException::forUnableToWrite()
#1 /var/www/html/hapnanarsad.tech/vendor/codeigniter4/framework/system/Cache/CacheFactory.php(84): CodeIgniter\Cache\Handlers\FileHandler->__construct()
#2 /var/www/html/hapnanarsad.tech/vendor/codeigniter4/framework/system/Config/Services.php(123): CodeIgniter\Cache\CacheFactory::getHandler()
#3 /var/www/html/hapnanarsad.tech/vendor/codeigniter4/framework/system/Config/BaseService.php(123): CodeIgniter\Config\Services::cache()
#4 /var/www/html/hapnanarsad.tech/vendor/codeigniter4/framework/system/Config/Services.php(115): CodeIgniter\Config\BaseService::getSharedInstance()
#5 /var/www/html/hapnanarsad.tech/vendor/codeigniter4/framework/system/Common.php(102): CodeIgniter\Config\Services::cache()
#6 /var/www/html/hapnanarsad.tech/vendor/codeigniter4/framework/system/CodeIgniter.php(629): cache()
#7 /var/www/html/hapnanarsad.tech/vendor/codeigniter4/framework/system/CodeIgniter.php(298): CodeIgniter\CodeIgniter->displayCache()
#8 /var/www/html/hapnanarsad.tech/public/index.php(45): CodeIgniter\CodeIgniter->run()
#9 {main}
CRITICAL - 2020-08-11 03:21:36 --> Cache unable to write to /var/www/html/hapnanarsad.tech/writable/cache/
#0 /var/www/html/hapnanarsad.tech/vendor/codeigniter4/framework/system/Cache/Handlers/FileHandler.php(78): CodeIgniter\Cache\Exceptions\CacheException::forUnableToWrite()
#1 /var/www/html/hapnanarsad.tech/vendor/codeigniter4/framework/system/Cache/CacheFactory.php(84): CodeIgniter\Cache\Handlers\FileHandler->__construct()
#2 /var/www/html/hapnanarsad.tech/vendor/codeigniter4/framework/system/Config/Services.php(123): CodeIgniter\Cache\CacheFactory::getHandler()
#3 /var/www/html/hapnanarsad.tech/vendor/codeigniter4/framework/system/Config/BaseService.php(123): CodeIgniter\Config\Services::cache()
#4 /var/www/html/hapnanarsad.tech/vendor/codeigniter4/framework/system/Config/Services.php(115): CodeIgniter\Config\BaseService::getSharedInstance()
#5 /var/www/html/hapnanarsad.tech/vendor/codeigniter4/framework/system/Common.php(102): CodeIgniter\Config\Services::cache()
#6 /var/www/html/hapnanarsad.tech/vendor/codeigniter4/framework/system/CodeIgniter.php(629): cache()
#7 /var/www/html/hapnanarsad.tech/vendor/codeigniter4/framework/system/CodeIgniter.php(298): CodeIgniter\CodeIgniter->displayCache()
#8 /var/www/html/hapnanarsad.tech/public/index.php(45): CodeIgniter\CodeIgniter->run()
#9 {main}
CRITICAL - 2020-08-11 03:22:51 --> Cache unable to write to /var/www/html/hapnanarsad.tech/writable/cache/
#0 /var/www/html/hapnanarsad.tech/vendor/codeigniter4/framework/system/Cache/Handlers/FileHandler.php(78): CodeIgniter\Cache\Exceptions\CacheException::forUnableToWrite()
#1 /var/www/html/hapnanarsad.tech/vendor/codeigniter4/framework/system/Cache/CacheFactory.php(84): CodeIgniter\Cache\Handlers\FileHandler->__construct()
#2 /var/www/html/hapnanarsad.tech/vendor/codeigniter4/framework/system/Config/Services.php(123): CodeIgniter\Cache\CacheFactory::getHandler()
#3 /var/www/html/hapnanarsad.tech/vendor/codeigniter4/framework/system/Config/BaseService.php(123): CodeIgniter\Config\Services::cache()
#4 /var/www/html/hapnanarsad.tech/vendor/codeigniter4/framework/system/Config/Services.php(115): CodeIgniter\Config\BaseService::getSharedInstance()
#5 /var/www/html/hapnanarsad.tech/vendor/codeigniter4/framework/system/Common.php(102): CodeIgniter\Config\Services::cache()
#6 /var/www/html/hapnanarsad.tech/vendor/codeigniter4/framework/system/CodeIgniter.php(629): cache()
#7 /var/www/html/hapnanarsad.tech/vendor/codeigniter4/framework/system/CodeIgniter.php(298): CodeIgniter\CodeIgniter->displayCache()
#8 /var/www/html/hapnanarsad.tech/public/index.php(45): CodeIgniter\CodeIgniter->run()
#9 {main}
CRITICAL - 2020-08-11 03:23:17 --> Cache unable to write to /var/www/html/hapnanarsad.tech/writable/cache/
#0 /var/www/html/hapnanarsad.tech/vendor/codeigniter4/framework/system/Cache/Handlers/FileHandler.php(78): CodeIgniter\Cache\Exceptions\CacheException::forUnableToWrite()
#1 /var/www/html/hapnanarsad.tech/vendor/codeigniter4/framework/system/Cache/CacheFactory.php(84): CodeIgniter\Cache\Handlers\FileHandler->__construct()
#2 /var/www/html/hapnanarsad.tech/vendor/codeigniter4/framework/system/Config/Services.php(123): CodeIgniter\Cache\CacheFactory::getHandler()
#3 /var/www/html/hapnanarsad.tech/vendor/codeigniter4/framework/system/Config/BaseService.php(123): CodeIgniter\Config\Services::cache()
#4 /var/www/html/hapnanarsad.tech/vendor/codeigniter4/framework/system/Config/Services.php(115): CodeIgniter\Config\BaseService::getSharedInstance()
#5 /var/www/html/hapnanarsad.tech/vendor/codeigniter4/framework/system/Common.php(102): CodeIgniter\Config\Services::cache()
#6 /var/www/html/hapnanarsad.tech/vendor/codeigniter4/framework/system/CodeIgniter.php(629): cache()
#7 /var/www/html/hapnanarsad.tech/vendor/codeigniter4/framework/system/CodeIgniter.php(298): CodeIgniter\CodeIgniter->displayCache()
#8 /var/www/html/hapnanarsad.tech/public/index.php(45): CodeIgniter\CodeIgniter->run()
#9 {main}
CRITICAL - 2020-08-11 03:23:20 --> Cache unable to write to /var/www/html/hapnanarsad.tech/writable/cache/
#0 /var/www/html/hapnanarsad.tech/vendor/codeigniter4/framework/system/Cache/Handlers/FileHandler.php(78): CodeIgniter\Cache\Exceptions\CacheException::forUnableToWrite()
#1 /var/www/html/hapnanarsad.tech/vendor/codeigniter4/framework/system/Cache/CacheFactory.php(84): CodeIgniter\Cache\Handlers\FileHandler->__construct()
#2 /var/www/html/hapnanarsad.tech/vendor/codeigniter4/framework/system/Config/Services.php(123): CodeIgniter\Cache\CacheFactory::getHandler()
#3 /var/www/html/hapnanarsad.tech/vendor/codeigniter4/framework/system/Config/BaseService.php(123): CodeIgniter\Config\Services::cache()
#4 /var/www/html/hapnanarsad.tech/vendor/codeigniter4/framework/system/Config/Services.php(115): CodeIgniter\Config\BaseService::getSharedInstance()
#5 /var/www/html/hapnanarsad.tech/vendor/codeigniter4/framework/system/Common.php(102): CodeIgniter\Config\Services::cache()
#6 /var/www/html/hapnanarsad.tech/vendor/codeigniter4/framework/system/CodeIgniter.php(629): cache()
#7 /var/www/html/hapnanarsad.tech/vendor/codeigniter4/framework/system/CodeIgniter.php(298): CodeIgniter\CodeIgniter->displayCache()
#8 /var/www/html/hapnanarsad.tech/public/index.php(45): CodeIgniter\CodeIgniter->run()
#9 {main}
CRITICAL - 2020-08-11 03:26:26 --> Cache unable to write to /var/www/html/hapnanarsad.tech/writable/cache/
#0 /var/www/html/hapnanarsad.tech/vendor/codeigniter4/framework/system/Cache/Handlers/FileHandler.php(78): CodeIgniter\Cache\Exceptions\CacheException::forUnableToWrite()
#1 /var/www/html/hapnanarsad.tech/vendor/codeigniter4/framework/system/Cache/CacheFactory.php(84): CodeIgniter\Cache\Handlers\FileHandler->__construct()
#2 /var/www/html/hapnanarsad.tech/vendor/codeigniter4/framework/system/Config/Services.php(123): CodeIgniter\Cache\CacheFactory::getHandler()
#3 /var/www/html/hapnanarsad.tech/vendor/codeigniter4/framework/system/Config/BaseService.php(123): CodeIgniter\Config\Services::cache()
#4 /var/www/html/hapnanarsad.tech/vendor/codeigniter4/framework/system/Config/Services.php(115): CodeIgniter\Config\BaseService::getSharedInstance()
#5 /var/www/html/hapnanarsad.tech/vendor/codeigniter4/framework/system/Common.php(102): CodeIgniter\Config\Services::cache()
#6 /var/www/html/hapnanarsad.tech/vendor/codeigniter4/framework/system/CodeIgniter.php(629): cache()
#7 /var/www/html/hapnanarsad.tech/vendor/codeigniter4/framework/system/CodeIgniter.php(298): CodeIgniter\CodeIgniter->displayCache()
#8 /var/www/html/hapnanarsad.tech/public/index.php(45): CodeIgniter\CodeIgniter->run()
#9 {main}
CRITICAL - 2020-08-11 03:27:42 --> Cache unable to write to /var/www/html/hapnanarsad.tech/writable/cache/
#0 /var/www/html/hapnanarsad.tech/vendor/codeigniter4/framework/system/Cache/Handlers/FileHandler.php(78): CodeIgniter\Cache\Exceptions\CacheException::forUnableToWrite()
#1 /var/www/html/hapnanarsad.tech/vendor/codeigniter4/framework/system/Cache/CacheFactory.php(84): CodeIgniter\Cache\Handlers\FileHandler->__construct()
#2 /var/www/html/hapnanarsad.tech/vendor/codeigniter4/framework/system/Config/Services.php(123): CodeIgniter\Cache\CacheFactory::getHandler()
#3 /var/www/html/hapnanarsad.tech/vendor/codeigniter4/framework/system/Config/BaseService.php(123): CodeIgniter\Config\Services::cache()
#4 /var/www/html/hapnanarsad.tech/vendor/codeigniter4/framework/system/Config/Services.php(115): CodeIgniter\Config\BaseService::getSharedInstance()
#5 /var/www/html/hapnanarsad.tech/vendor/codeigniter4/framework/system/Common.php(102): CodeIgniter\Config\Services::cache()
#6 /var/www/html/hapnanarsad.tech/vendor/codeigniter4/framework/system/CodeIgniter.php(629): cache()
#7 /var/www/html/hapnanarsad.tech/vendor/codeigniter4/framework/system/CodeIgniter.php(298): CodeIgniter\CodeIgniter->displayCache()
#8 /var/www/html/hapnanarsad.tech/public/index.php(45): CodeIgniter\CodeIgniter->run()
#9 {main}
CRITICAL - 2020-08-11 03:27:44 --> Cache unable to write to /var/www/html/hapnanarsad.tech/writable/cache/
#0 /var/www/html/hapnanarsad.tech/vendor/codeigniter4/framework/system/Cache/Handlers/FileHandler.php(78): CodeIgniter\Cache\Exceptions\CacheException::forUnableToWrite()
#1 /var/www/html/hapnanarsad.tech/vendor/codeigniter4/framework/system/Cache/CacheFactory.php(84): CodeIgniter\Cache\Handlers\FileHandler->__construct()
#2 /var/www/html/hapnanarsad.tech/vendor/codeigniter4/framework/system/Config/Services.php(123): CodeIgniter\Cache\CacheFactory::getHandler()
#3 /var/www/html/hapnanarsad.tech/vendor/codeigniter4/framework/system/Config/BaseService.php(123): CodeIgniter\Config\Services::cache()
#4 /var/www/html/hapnanarsad.tech/vendor/codeigniter4/framework/system/Config/Services.php(115): CodeIgniter\Config\BaseService::getSharedInstance()
#5 /var/www/html/hapnanarsad.tech/vendor/codeigniter4/framework/system/Common.php(102): CodeIgniter\Config\Services::cache()
#6 /var/www/html/hapnanarsad.tech/vendor/codeigniter4/framework/system/CodeIgniter.php(629): cache()
#7 /var/www/html/hapnanarsad.tech/vendor/codeigniter4/framework/system/CodeIgniter.php(298): CodeIgniter\CodeIgniter->displayCache()
#8 /var/www/html/hapnanarsad.tech/public/index.php(45): CodeIgniter\CodeIgniter->run()
#9 {main}
CRITICAL - 2020-08-11 03:28:13 --> Cache unable to write to /var/www/html/hapnanarsad.tech/writable/cache/
#0 /var/www/html/hapnanarsad.tech/vendor/codeigniter4/framework/system/Cache/Handlers/FileHandler.php(78): CodeIgniter\Cache\Exceptions\CacheException::forUnableToWrite()
#1 /var/www/html/hapnanarsad.tech/vendor/codeigniter4/framework/system/Cache/CacheFactory.php(84): CodeIgniter\Cache\Handlers\FileHandler->__construct()
#2 /var/www/html/hapnanarsad.tech/vendor/codeigniter4/framework/system/Config/Services.php(123): CodeIgniter\Cache\CacheFactory::getHandler()
#3 /var/www/html/hapnanarsad.tech/vendor/codeigniter4/framework/system/Config/BaseService.php(123): CodeIgniter\Config\Services::cache()
#4 /var/www/html/hapnanarsad.tech/vendor/codeigniter4/framework/system/Config/Services.php(115): CodeIgniter\Config\BaseService::getSharedInstance()
#5 /var/www/html/hapnanarsad.tech/vendor/codeigniter4/framework/system/Common.php(102): CodeIgniter\Config\Services::cache()
#6 /var/www/html/hapnanarsad.tech/vendor/codeigniter4/framework/system/CodeIgniter.php(629): cache()
#7 /var/www/html/hapnanarsad.tech/vendor/codeigniter4/framework/system/CodeIgniter.php(298): CodeIgniter\CodeIgniter->displayCache()
#8 /var/www/html/hapnanarsad.tech/public/index.php(45): CodeIgniter\CodeIgniter->run()
#9 {main}
CRITICAL - 2020-08-11 04:19:23 --> Cache unable to write to /var/www/html/hapnanarsad.tech/writable/cache/
#0 /var/www/html/hapnanarsad.tech/vendor/codeigniter4/framework/system/Cache/Handlers/FileHandler.php(78): CodeIgniter\Cache\Exceptions\CacheException::forUnableToWrite()
#1 /var/www/html/hapnanarsad.tech/vendor/codeigniter4/framework/system/Cache/CacheFactory.php(84): CodeIgniter\Cache\Handlers\FileHandler->__construct()
#2 /var/www/html/hapnanarsad.tech/vendor/codeigniter4/framework/system/Config/Services.php(123): CodeIgniter\Cache\CacheFactory::getHandler()
#3 /var/www/html/hapnanarsad.tech/vendor/codeigniter4/framework/system/Config/BaseService.php(123): CodeIgniter\Config\Services::cache()
#4 /var/www/html/hapnanarsad.tech/vendor/codeigniter4/framework/system/Config/Services.php(115): CodeIgniter\Config\BaseService::getSharedInstance()
#5 /var/www/html/hapnanarsad.tech/vendor/codeigniter4/framework/system/Common.php(102): CodeIgniter\Config\Services::cache()
#6 /var/www/html/hapnanarsad.tech/vendor/codeigniter4/framework/system/CodeIgniter.php(629): cache()
#7 /var/www/html/hapnanarsad.tech/vendor/codeigniter4/framework/system/CodeIgniter.php(298): CodeIgniter\CodeIgniter->displayCache()
#8 /var/www/html/hapnanarsad.tech/public/index.php(45): CodeIgniter\CodeIgniter->run()
#9 {main}
CRITICAL - 2020-08-11 04:20:42 --> Cache unable to write to /var/www/html/hapnanarsad.tech/writable/cache/
#0 /var/www/html/hapnanarsad.tech/vendor/codeigniter4/framework/system/Cache/Handlers/FileHandler.php(78): CodeIgniter\Cache\Exceptions\CacheException::forUnableToWrite()
#1 /var/www/html/hapnanarsad.tech/vendor/codeigniter4/framework/system/Cache/CacheFactory.php(84): CodeIgniter\Cache\Handlers\FileHandler->__construct()
#2 /var/www/html/hapnanarsad.tech/vendor/codeigniter4/framework/system/Config/Services.php(123): CodeIgniter\Cache\CacheFactory::getHandler()
#3 /var/www/html/hapnanarsad.tech/vendor/codeigniter4/framework/system/Config/BaseService.php(123): CodeIgniter\Config\Services::cache()
#4 /var/www/html/hapnanarsad.tech/vendor/codeigniter4/framework/system/Config/Services.php(115): CodeIgniter\Config\BaseService::getSharedInstance()
#5 /var/www/html/hapnanarsad.tech/vendor/codeigniter4/framework/system/Common.php(102): CodeIgniter\Config\Services::cache()
#6 /var/www/html/hapnanarsad.tech/vendor/codeigniter4/framework/system/CodeIgniter.php(629): cache()
#7 /var/www/html/hapnanarsad.tech/vendor/codeigniter4/framework/system/CodeIgniter.php(298): CodeIgniter\CodeIgniter->displayCache()
#8 /var/www/html/hapnanarsad.tech/public/index.php(45): CodeIgniter\CodeIgniter->run()
#9 {main}
CRITICAL - 2020-08-11 04:25:12 --> Cache unable to write to /var/www/html/hapnanarsad.tech/writable/cache/
#0 /var/www/html/hapnanarsad.tech/vendor/codeigniter4/framework/system/Cache/Handlers/FileHandler.php(78): CodeIgniter\Cache\Exceptions\CacheException::forUnableToWrite()
#1 /var/www/html/hapnanarsad.tech/vendor/codeigniter4/framework/system/Cache/CacheFactory.php(84): CodeIgniter\Cache\Handlers\FileHandler->__construct()
#2 /var/www/html/hapnanarsad.tech/vendor/codeigniter4/framework/system/Config/Services.php(123): CodeIgniter\Cache\CacheFactory::getHandler()
#3 /var/www/html/hapnanarsad.tech/vendor/codeigniter4/framework/system/Config/BaseService.php(123): CodeIgniter\Config\Services::cache()
#4 /var/www/html/hapnanarsad.tech/vendor/codeigniter4/framework/system/Config/Services.php(115): CodeIgniter\Config\BaseService::getSharedInstance()
#5 /var/www/html/hapnanarsad.tech/vendor/codeigniter4/framework/system/Common.php(102): CodeIgniter\Config\Services::cache()
#6 /var/www/html/hapnanarsad.tech/vendor/codeigniter4/framework/system/CodeIgniter.php(629): cache()
#7 /var/www/html/hapnanarsad.tech/vendor/codeigniter4/framework/system/CodeIgniter.php(298): CodeIgniter\CodeIgniter->displayCache()
#8 /var/www/html/hapnanarsad.tech/public/index.php(45): CodeIgniter\CodeIgniter->run()
#9 {main}
CRITICAL - 2020-08-11 04:25:46 --> Cache unable to write to /var/www/html/hapnanarsad.tech/writable/cache/
#0 /var/www/html/hapnanarsad.tech/vendor/codeigniter4/framework/system/Cache/Handlers/FileHandler.php(78): CodeIgniter\Cache\Exceptions\CacheException::forUnableToWrite()
#1 /var/www/html/hapnanarsad.tech/vendor/codeigniter4/framework/system/Cache/CacheFactory.php(84): CodeIgniter\Cache\Handlers\FileHandler->__construct()
#2 /var/www/html/hapnanarsad.tech/vendor/codeigniter4/framework/system/Config/Services.php(123): CodeIgniter\Cache\CacheFactory::getHandler()
#3 /var/www/html/hapnanarsad.tech/vendor/codeigniter4/framework/system/Config/BaseService.php(123): CodeIgniter\Config\Services::cache()
#4 /var/www/html/hapnanarsad.tech/vendor/codeigniter4/framework/system/Config/Services.php(115): CodeIgniter\Config\BaseService::getSharedInstance()
#5 /var/www/html/hapnanarsad.tech/vendor/codeigniter4/framework/system/Common.php(102): CodeIgniter\Config\Services::cache()
#6 /var/www/html/hapnanarsad.tech/vendor/codeigniter4/framework/system/CodeIgniter.php(629): cache()
#7 /var/www/html/hapnanarsad.tech/vendor/codeigniter4/framework/system/CodeIgniter.php(298): CodeIgniter\CodeIgniter->displayCache()
#8 /var/www/html/hapnanarsad.tech/public/index.php(45): CodeIgniter\CodeIgniter->run()
#9 {main}
CRITICAL - 2020-08-11 04:26:05 --> Cache unable to write to /var/www/html/hapnanarsad.tech/writable/cache/
#0 /var/www/html/hapnanarsad.tech/vendor/codeigniter4/framework/system/Cache/Handlers/FileHandler.php(78): CodeIgniter\Cache\Exceptions\CacheException::forUnableToWrite()
#1 /var/www/html/hapnanarsad.tech/vendor/codeigniter4/framework/system/Cache/CacheFactory.php(84): CodeIgniter\Cache\Handlers\FileHandler->__construct()
#2 /var/www/html/hapnanarsad.tech/vendor/codeigniter4/framework/system/Config/Services.php(123): CodeIgniter\Cache\CacheFactory::getHandler()
#3 /var/www/html/hapnanarsad.tech/vendor/codeigniter4/framework/system/Config/BaseService.php(123): CodeIgniter\Config\Services::cache()
#4 /var/www/html/hapnanarsad.tech/vendor/codeigniter4/framework/system/Config/Services.php(115): CodeIgniter\Config\BaseService::getSharedInstance()
#5 /var/www/html/hapnanarsad.tech/vendor/codeigniter4/framework/system/Common.php(102): CodeIgniter\Config\Services::cache()
#6 /var/www/html/hapnanarsad.tech/vendor/codeigniter4/framework/system/CodeIgniter.php(629): cache()
#7 /var/www/html/hapnanarsad.tech/vendor/codeigniter4/framework/system/CodeIgniter.php(298): CodeIgniter\CodeIgniter->displayCache()
#8 /var/www/html/hapnanarsad.tech/public/index.php(45): CodeIgniter\CodeIgniter->run()
#9 {main}
CRITICAL - 2020-08-11 04:28:59 --> Cache unable to write to /var/www/html/hapnanarsad.tech/writable/cache/
#0 /var/www/html/hapnanarsad.tech/vendor/codeigniter4/framework/system/Cache/Handlers/FileHandler.php(78): CodeIgniter\Cache\Exceptions\CacheException::forUnableToWrite()
#1 /var/www/html/hapnanarsad.tech/vendor/codeigniter4/framework/system/Cache/CacheFactory.php(84): CodeIgniter\Cache\Handlers\FileHandler->__construct()
#2 /var/www/html/hapnanarsad.tech/vendor/codeigniter4/framework/system/Config/Services.php(123): CodeIgniter\Cache\CacheFactory::getHandler()
#3 /var/www/html/hapnanarsad.tech/vendor/codeigniter4/framework/system/Config/BaseService.php(123): CodeIgniter\Config\Services::cache()
#4 /var/www/html/hapnanarsad.tech/vendor/codeigniter4/framework/system/Config/Services.php(115): CodeIgniter\Config\BaseService::getSharedInstance()
#5 /var/www/html/hapnanarsad.tech/vendor/codeigniter4/framework/system/Common.php(102): CodeIgniter\Config\Services::cache()
#6 /var/www/html/hapnanarsad.tech/vendor/codeigniter4/framework/system/CodeIgniter.php(629): cache()
#7 /var/www/html/hapnanarsad.tech/vendor/codeigniter4/framework/system/CodeIgniter.php(298): CodeIgniter\CodeIgniter->displayCache()
#8 /var/www/html/hapnanarsad.tech/public/index.php(45): CodeIgniter\CodeIgniter->run()
#9 {main}
CRITICAL - 2020-08-11 04:30:01 --> Cache unable to write to /var/www/html/hapnanarsad.tech/writable/cache/
#0 /var/www/html/hapnanarsad.tech/vendor/codeigniter4/framework/system/Cache/Handlers/FileHandler.php(78): CodeIgniter\Cache\Exceptions\CacheException::forUnableToWrite()
#1 /var/www/html/hapnanarsad.tech/vendor/codeigniter4/framework/system/Cache/CacheFactory.php(84): CodeIgniter\Cache\Handlers\FileHandler->__construct()
#2 /var/www/html/hapnanarsad.tech/vendor/codeigniter4/framework/system/Config/Services.php(123): CodeIgniter\Cache\CacheFactory::getHandler()
#3 /var/www/html/hapnanarsad.tech/vendor/codeigniter4/framework/system/Config/BaseService.php(123): CodeIgniter\Config\Services::cache()
#4 /var/www/html/hapnanarsad.tech/vendor/codeigniter4/framework/system/Config/Services.php(115): CodeIgniter\Config\BaseService::getSharedInstance()
#5 /var/www/html/hapnanarsad.tech/vendor/codeigniter4/framework/system/Common.php(102): CodeIgniter\Config\Services::cache()
#6 /var/www/html/hapnanarsad.tech/vendor/codeigniter4/framework/system/CodeIgniter.php(629): cache()
#7 /var/www/html/hapnanarsad.tech/vendor/codeigniter4/framework/system/CodeIgniter.php(298): CodeIgniter\CodeIgniter->displayCache()
#8 /var/www/html/hapnanarsad.tech/public/index.php(45): CodeIgniter\CodeIgniter->run()
#9 {main}
CRITICAL - 2020-08-11 04:38:29 --> Cache unable to write to /var/www/html/hapnanarsad.tech/writable/cache/
#0 /var/www/html/hapnanarsad.tech/vendor/codeigniter4/framework/system/Cache/Handlers/FileHandler.php(78): CodeIgniter\Cache\Exceptions\CacheException::forUnableToWrite()
#1 /var/www/html/hapnanarsad.tech/vendor/codeigniter4/framework/system/Cache/CacheFactory.php(84): CodeIgniter\Cache\Handlers\FileHandler->__construct()
#2 /var/www/html/hapnanarsad.tech/vendor/codeigniter4/framework/system/Config/Services.php(123): CodeIgniter\Cache\CacheFactory::getHandler()
#3 /var/www/html/hapnanarsad.tech/vendor/codeigniter4/framework/system/Config/BaseService.php(123): CodeIgniter\Config\Services::cache()
#4 /var/www/html/hapnanarsad.tech/vendor/codeigniter4/framework/system/Config/Services.php(115): CodeIgniter\Config\BaseService::getSharedInstance()
#5 /var/www/html/hapnanarsad.tech/vendor/codeigniter4/framework/system/Common.php(102): CodeIgniter\Config\Services::cache()
#6 /var/www/html/hapnanarsad.tech/vendor/codeigniter4/framework/system/CodeIgniter.php(629): cache()
#7 /var/www/html/hapnanarsad.tech/vendor/codeigniter4/framework/system/CodeIgniter.php(298): CodeIgniter\CodeIgniter->displayCache()
#8 /var/www/html/hapnanarsad.tech/public/index.php(45): CodeIgniter\CodeIgniter->run()
#9 {main}
CRITICAL - 2020-08-11 04:38:33 --> Cache unable to write to /var/www/html/hapnanarsad.tech/writable/cache/
#0 /var/www/html/hapnanarsad.tech/vendor/codeigniter4/framework/system/Cache/Handlers/FileHandler.php(78): CodeIgniter\Cache\Exceptions\CacheException::forUnableToWrite()
#1 /var/www/html/hapnanarsad.tech/vendor/codeigniter4/framework/system/Cache/CacheFactory.php(84): CodeIgniter\Cache\Handlers\FileHandler->__construct()
#2 /var/www/html/hapnanarsad.tech/vendor/codeigniter4/framework/system/Config/Services.php(123): CodeIgniter\Cache\CacheFactory::getHandler()
#3 /var/www/html/hapnanarsad.tech/vendor/codeigniter4/framework/system/Config/BaseService.php(123): CodeIgniter\Config\Services::cache()
#4 /var/www/html/hapnanarsad.tech/vendor/codeigniter4/framework/system/Config/Services.php(115): CodeIgniter\Config\BaseService::getSharedInstance()
#5 /var/www/html/hapnanarsad.tech/vendor/codeigniter4/framework/system/Common.php(102): CodeIgniter\Config\Services::cache()
#6 /var/www/html/hapnanarsad.tech/vendor/codeigniter4/framework/system/CodeIgniter.php(629): cache()
#7 /var/www/html/hapnanarsad.tech/vendor/codeigniter4/framework/system/CodeIgniter.php(298): CodeIgniter\CodeIgniter->displayCache()
#8 /var/www/html/hapnanarsad.tech/public/index.php(45): CodeIgniter\CodeIgniter->run()
#9 {main}
CRITICAL - 2020-08-11 04:54:01 --> Cache unable to write to /var/www/html/hapnanarsad.tech/writable/cache/
#0 /var/www/html/hapnanarsad.tech/vendor/codeigniter4/framework/system/Cache/Handlers/FileHandler.php(78): CodeIgniter\Cache\Exceptions\CacheException::forUnableToWrite()
#1 /var/www/html/hapnanarsad.tech/vendor/codeigniter4/framework/system/Cache/CacheFactory.php(84): CodeIgniter\Cache\Handlers\FileHandler->__construct()
#2 /var/www/html/hapnanarsad.tech/vendor/codeigniter4/framework/system/Config/Services.php(123): CodeIgniter\Cache\CacheFactory::getHandler()
#3 /var/www/html/hapnanarsad.tech/vendor/codeigniter4/framework/system/Config/BaseService.php(123): CodeIgniter\Config\Services::cache()
#4 /var/www/html/hapnanarsad.tech/vendor/codeigniter4/framework/system/Config/Services.php(115): CodeIgniter\Config\BaseService::getSharedInstance()
#5 /var/www/html/hapnanarsad.tech/vendor/codeigniter4/framework/system/Common.php(102): CodeIgniter\Config\Services::cache()
#6 /var/www/html/hapnanarsad.tech/vendor/codeigniter4/framework/system/CodeIgniter.php(629): cache()
#7 /var/www/html/hapnanarsad.tech/vendor/codeigniter4/framework/system/CodeIgniter.php(298): CodeIgniter\CodeIgniter->displayCache()
#8 /var/www/html/hapnanarsad.tech/public/index.php(45): CodeIgniter\CodeIgniter->run()
#9 {main}
CRITICAL - 2020-08-11 04:57:06 --> Cache unable to write to /var/www/html/hapnanarsad.tech/writable/cache/
#0 /var/www/html/hapnanarsad.tech/vendor/codeigniter4/framework/system/Cache/Handlers/FileHandler.php(78): CodeIgniter\Cache\Exceptions\CacheException::forUnableToWrite()
#1 /var/www/html/hapnanarsad.tech/vendor/codeigniter4/framework/system/Cache/CacheFactory.php(84): CodeIgniter\Cache\Handlers\FileHandler->__construct()
#2 /var/www/html/hapnanarsad.tech/vendor/codeigniter4/framework/system/Config/Services.php(123): CodeIgniter\Cache\CacheFactory::getHandler()
#3 /var/www/html/hapnanarsad.tech/vendor/codeigniter4/framework/system/Config/BaseService.php(123): CodeIgniter\Config\Services::cache()
#4 /var/www/html/hapnanarsad.tech/vendor/codeigniter4/framework/system/Config/Services.php(115): CodeIgniter\Config\BaseService::getSharedInstance()
#5 /var/www/html/hapnanarsad.tech/vendor/codeigniter4/framework/system/Common.php(102): CodeIgniter\Config\Services::cache()
#6 /var/www/html/hapnanarsad.tech/vendor/codeigniter4/framework/system/CodeIgniter.php(629): cache()
#7 /var/www/html/hapnanarsad.tech/vendor/codeigniter4/framework/system/CodeIgniter.php(298): CodeIgniter\CodeIgniter->displayCache()
#8 /var/www/html/hapnanarsad.tech/public/index.php(45): CodeIgniter\CodeIgniter->run()
#9 {main}
CRITICAL - 2020-08-11 04:57:26 --> Cache unable to write to /var/www/html/hapnanarsad.tech/writable/cache/
#0 /var/www/html/hapnanarsad.tech/vendor/codeigniter4/framework/system/Cache/Handlers/FileHandler.php(78): CodeIgniter\Cache\Exceptions\CacheException::forUnableToWrite()
#1 /var/www/html/hapnanarsad.tech/vendor/codeigniter4/framework/system/Cache/CacheFactory.php(84): CodeIgniter\Cache\Handlers\FileHandler->__construct()
#2 /var/www/html/hapnanarsad.tech/vendor/codeigniter4/framework/system/Config/Services.php(123): CodeIgniter\Cache\CacheFactory::getHandler()
#3 /var/www/html/hapnanarsad.tech/vendor/codeigniter4/framework/system/Config/BaseService.php(123): CodeIgniter\Config\Services::cache()
#4 /var/www/html/hapnanarsad.tech/vendor/codeigniter4/framework/system/Config/Services.php(115): CodeIgniter\Config\BaseService::getSharedInstance()
#5 /var/www/html/hapnanarsad.tech/vendor/codeigniter4/framework/system/Common.php(102): CodeIgniter\Config\Services::cache()
#6 /var/www/html/hapnanarsad.tech/vendor/codeigniter4/framework/system/CodeIgniter.php(629): cache()
#7 /var/www/html/hapnanarsad.tech/vendor/codeigniter4/framework/system/CodeIgniter.php(298): CodeIgniter\CodeIgniter->displayCache()
#8 /var/www/html/hapnanarsad.tech/public/index.php(45): CodeIgniter\CodeIgniter->run()
#9 {main}
CRITICAL - 2020-08-11 04:57:59 --> Cache unable to write to /var/www/html/hapnanarsad.tech/writable/cache/
#0 /var/www/html/hapnanarsad.tech/vendor/codeigniter4/framework/system/Cache/Handlers/FileHandler.php(78): CodeIgniter\Cache\Exceptions\CacheException::forUnableToWrite()
#1 /var/www/html/hapnanarsad.tech/vendor/codeigniter4/framework/system/Cache/CacheFactory.php(84): CodeIgniter\Cache\Handlers\FileHandler->__construct()
#2 /var/www/html/hapnanarsad.tech/vendor/codeigniter4/framework/system/Config/Services.php(123): CodeIgniter\Cache\CacheFactory::getHandler()
#3 /var/www/html/hapnanarsad.tech/vendor/codeigniter4/framework/system/Config/BaseService.php(123): CodeIgniter\Config\Services::cache()
#4 /var/www/html/hapnanarsad.tech/vendor/codeigniter4/framework/system/Config/Services.php(115): CodeIgniter\Config\BaseService::getSharedInstance()
#5 /var/www/html/hapnanarsad.tech/vendor/codeigniter4/framework/system/Common.php(102): CodeIgniter\Config\Services::cache()
#6 /var/www/html/hapnanarsad.tech/vendor/codeigniter4/framework/system/CodeIgniter.php(629): cache()
#7 /var/www/html/hapnanarsad.tech/vendor/codeigniter4/framework/system/CodeIgniter.php(298): CodeIgniter\CodeIgniter->displayCache()
#8 /var/www/html/hapnanarsad.tech/public/index.php(45): CodeIgniter\CodeIgniter->run()
#9 {main}
CRITICAL - 2020-08-11 04:58:05 --> Cache unable to write to /var/www/html/hapnanarsad.tech/writable/cache/
#0 /var/www/html/hapnanarsad.tech/vendor/codeigniter4/framework/system/Cache/Handlers/FileHandler.php(78): CodeIgniter\Cache\Exceptions\CacheException::forUnableToWrite()
#1 /var/www/html/hapnanarsad.tech/vendor/codeigniter4/framework/system/Cache/CacheFactory.php(84): CodeIgniter\Cache\Handlers\FileHandler->__construct()
#2 /var/www/html/hapnanarsad.tech/vendor/codeigniter4/framework/system/Config/Services.php(123): CodeIgniter\Cache\CacheFactory::getHandler()
#3 /var/www/html/hapnanarsad.tech/vendor/codeigniter4/framework/system/Config/BaseService.php(123): CodeIgniter\Config\Services::cache()
#4 /var/www/html/hapnanarsad.tech/vendor/codeigniter4/framework/system/Config/Services.php(115): CodeIgniter\Config\BaseService::getSharedInstance()
#5 /var/www/html/hapnanarsad.tech/vendor/codeigniter4/framework/system/Common.php(102): CodeIgniter\Config\Services::cache()
#6 /var/www/html/hapnanarsad.tech/vendor/codeigniter4/framework/system/CodeIgniter.php(629): cache()
#7 /var/www/html/hapnanarsad.tech/vendor/codeigniter4/framework/system/CodeIgniter.php(298): CodeIgniter\CodeIgniter->displayCache()
#8 /var/www/html/hapnanarsad.tech/public/index.php(45): CodeIgniter\CodeIgniter->run()
#9 {main}
CRITICAL - 2020-08-11 04:58:06 --> Cache unable to write to /var/www/html/hapnanarsad.tech/writable/cache/
#0 /var/www/html/hapnanarsad.tech/vendor/codeigniter4/framework/system/Cache/Handlers/FileHandler.php(78): CodeIgniter\Cache\Exceptions\CacheException::forUnableToWrite()
#1 /var/www/html/hapnanarsad.tech/vendor/codeigniter4/framework/system/Cache/CacheFactory.php(84): CodeIgniter\Cache\Handlers\FileHandler->__construct()
#2 /var/www/html/hapnanarsad.tech/vendor/codeigniter4/framework/system/Config/Services.php(123): CodeIgniter\Cache\CacheFactory::getHandler()
#3 /var/www/html/hapnanarsad.tech/vendor/codeigniter4/framework/system/Config/BaseService.php(123): CodeIgniter\Config\Services::cache()
#4 /var/www/html/hapnanarsad.tech/vendor/codeigniter4/framework/system/Config/Services.php(115): CodeIgniter\Config\BaseService::getSharedInstance()
#5 /var/www/html/hapnanarsad.tech/vendor/codeigniter4/framework/system/Common.php(102): CodeIgniter\Config\Services::cache()
#6 /var/www/html/hapnanarsad.tech/vendor/codeigniter4/framework/system/CodeIgniter.php(629): cache()
#7 /var/www/html/hapnanarsad.tech/vendor/codeigniter4/framework/system/CodeIgniter.php(298): CodeIgniter\CodeIgniter->displayCache()
#8 /var/www/html/hapnanarsad.tech/public/index.php(45): CodeIgniter\CodeIgniter->run()
#9 {main}
CRITICAL - 2020-08-11 04:58:09 --> Cache unable to write to /var/www/html/hapnanarsad.tech/writable/cache/
#0 /var/www/html/hapnanarsad.tech/vendor/codeigniter4/framework/system/Cache/Handlers/FileHandler.php(78): CodeIgniter\Cache\Exceptions\CacheException::forUnableToWrite()
#1 /var/www/html/hapnanarsad.tech/vendor/codeigniter4/framework/system/Cache/CacheFactory.php(84): CodeIgniter\Cache\Handlers\FileHandler->__construct()
#2 /var/www/html/hapnanarsad.tech/vendor/codeigniter4/framework/system/Config/Services.php(123): CodeIgniter\Cache\CacheFactory::getHandler()
#3 /var/www/html/hapnanarsad.tech/vendor/codeigniter4/framework/system/Config/BaseService.php(123): CodeIgniter\Config\Services::cache()
#4 /var/www/html/hapnanarsad.tech/vendor/codeigniter4/framework/system/Config/Services.php(115): CodeIgniter\Config\BaseService::getSharedInstance()
#5 /var/www/html/hapnanarsad.tech/vendor/codeigniter4/framework/system/Common.php(102): CodeIgniter\Config\Services::cache()
#6 /var/www/html/hapnanarsad.tech/vendor/codeigniter4/framework/system/CodeIgniter.php(629): cache()
#7 /var/www/html/hapnanarsad.tech/vendor/codeigniter4/framework/system/CodeIgniter.php(298): CodeIgniter\CodeIgniter->displayCache()
#8 /var/www/html/hapnanarsad.tech/public/index.php(45): CodeIgniter\CodeIgniter->run()
#9 {main}
CRITICAL - 2020-08-11 04:58:10 --> Cache unable to write to /var/www/html/hapnanarsad.tech/writable/cache/
#0 /var/www/html/hapnanarsad.tech/vendor/codeigniter4/framework/system/Cache/Handlers/FileHandler.php(78): CodeIgniter\Cache\Exceptions\CacheException::forUnableToWrite()
#1 /var/www/html/hapnanarsad.tech/vendor/codeigniter4/framework/system/Cache/CacheFactory.php(84): CodeIgniter\Cache\Handlers\FileHandler->__construct()
#2 /var/www/html/hapnanarsad.tech/vendor/codeigniter4/framework/system/Config/Services.php(123): CodeIgniter\Cache\CacheFactory::getHandler()
#3 /var/www/html/hapnanarsad.tech/vendor/codeigniter4/framework/system/Config/BaseService.php(123): CodeIgniter\Config\Services::cache()
#4 /var/www/html/hapnanarsad.tech/vendor/codeigniter4/framework/system/Config/Services.php(115): CodeIgniter\Config\BaseService::getSharedInstance()
#5 /var/www/html/hapnanarsad.tech/vendor/codeigniter4/framework/system/Common.php(102): CodeIgniter\Config\Services::cache()
#6 /var/www/html/hapnanarsad.tech/vendor/codeigniter4/framework/system/CodeIgniter.php(629): cache()
#7 /var/www/html/hapnanarsad.tech/vendor/codeigniter4/framework/system/CodeIgniter.php(298): CodeIgniter\CodeIgniter->displayCache()
#8 /var/www/html/hapnanarsad.tech/public/index.php(45): CodeIgniter\CodeIgniter->run()
#9 {main}
CRITICAL - 2020-08-11 04:58:11 --> Cache unable to write to /var/www/html/hapnanarsad.tech/writable/cache/
#0 /var/www/html/hapnanarsad.tech/vendor/codeigniter4/framework/system/Cache/Handlers/FileHandler.php(78): CodeIgniter\Cache\Exceptions\CacheException::forUnableToWrite()
#1 /var/www/html/hapnanarsad.tech/vendor/codeigniter4/framework/system/Cache/CacheFactory.php(84): CodeIgniter\Cache\Handlers\FileHandler->__construct()
#2 /var/www/html/hapnanarsad.tech/vendor/codeigniter4/framework/system/Config/Services.php(123): CodeIgniter\Cache\CacheFactory::getHandler()
#3 /var/www/html/hapnanarsad.tech/vendor/codeigniter4/framework/system/Config/BaseService.php(123): CodeIgniter\Config\Services::cache()
#4 /var/www/html/hapnanarsad.tech/vendor/codeigniter4/framework/system/Config/Services.php(115): CodeIgniter\Config\BaseService::getSharedInstance()
#5 /var/www/html/hapnanarsad.tech/vendor/codeigniter4/framework/system/Common.php(102): CodeIgniter\Config\Services::cache()
#6 /var/www/html/hapnanarsad.tech/vendor/codeigniter4/framework/system/CodeIgniter.php(629): cache()
#7 /var/www/html/hapnanarsad.tech/vendor/codeigniter4/framework/system/CodeIgniter.php(298): CodeIgniter\CodeIgniter->displayCache()
#8 /var/www/html/hapnanarsad.tech/public/index.php(45): CodeIgniter\CodeIgniter->run()
#9 {main}
CRITICAL - 2020-08-11 04:58:12 --> Cache unable to write to /var/www/html/hapnanarsad.tech/writable/cache/
#0 /var/www/html/hapnanarsad.tech/vendor/codeigniter4/framework/system/Cache/Handlers/FileHandler.php(78): CodeIgniter\Cache\Exceptions\CacheException::forUnableToWrite()
#1 /var/www/html/hapnanarsad.tech/vendor/codeigniter4/framework/system/Cache/CacheFactory.php(84): CodeIgniter\Cache\Handlers\FileHandler->__construct()
#2 /var/www/html/hapnanarsad.tech/vendor/codeigniter4/framework/system/Config/Services.php(123): CodeIgniter\Cache\CacheFactory::getHandler()
#3 /var/www/html/hapnanarsad.tech/vendor/codeigniter4/framework/system/Config/BaseService.php(123): CodeIgniter\Config\Services::cache()
#4 /var/www/html/hapnanarsad.tech/vendor/codeigniter4/framework/system/Config/Services.php(115): CodeIgniter\Config\BaseService::getSharedInstance()
#5 /var/www/html/hapnanarsad.tech/vendor/codeigniter4/framework/system/Common.php(102): CodeIgniter\Config\Services::cache()
#6 /var/www/html/hapnanarsad.tech/vendor/codeigniter4/framework/system/CodeIgniter.php(629): cache()
#7 /var/www/html/hapnanarsad.tech/vendor/codeigniter4/framework/system/CodeIgniter.php(298): CodeIgniter\CodeIgniter->displayCache()
#8 /var/www/html/hapnanarsad.tech/public/index.php(45): CodeIgniter\CodeIgniter->run()
#9 {main}
CRITICAL - 2020-08-11 04:58:14 --> Cache unable to write to /var/www/html/hapnanarsad.tech/writable/cache/
#0 /var/www/html/hapnanarsad.tech/vendor/codeigniter4/framework/system/Cache/Handlers/FileHandler.php(78): CodeIgniter\Cache\Exceptions\CacheException::forUnableToWrite()
#1 /var/www/html/hapnanarsad.tech/vendor/codeigniter4/framework/system/Cache/CacheFactory.php(84): CodeIgniter\Cache\Handlers\FileHandler->__construct()
#2 /var/www/html/hapnanarsad.tech/vendor/codeigniter4/framework/system/Config/Services.php(123): CodeIgniter\Cache\CacheFactory::getHandler()
#3 /var/www/html/hapnanarsad.tech/vendor/codeigniter4/framework/system/Config/BaseService.php(123): CodeIgniter\Config\Services::cache()
#4 /var/www/html/hapnanarsad.tech/vendor/codeigniter4/framework/system/Config/Services.php(115): CodeIgniter\Config\BaseService::getSharedInstance()
#5 /var/www/html/hapnanarsad.tech/vendor/codeigniter4/framework/system/Common.php(102): CodeIgniter\Config\Services::cache()
#6 /var/www/html/hapnanarsad.tech/vendor/codeigniter4/framework/system/CodeIgniter.php(629): cache()
#7 /var/www/html/hapnanarsad.tech/vendor/codeigniter4/framework/system/CodeIgniter.php(298): CodeIgniter\CodeIgniter->displayCache()
#8 /var/www/html/hapnanarsad.tech/public/index.php(45): CodeIgniter\CodeIgniter->run()
#9 {main}
CRITICAL - 2020-08-11 04:58:21 --> Cache unable to write to /var/www/html/hapnanarsad.tech/writable/cache/
#0 /var/www/html/hapnanarsad.tech/vendor/codeigniter4/framework/system/Cache/Handlers/FileHandler.php(78): CodeIgniter\Cache\Exceptions\CacheException::forUnableToWrite()
#1 /var/www/html/hapnanarsad.tech/vendor/codeigniter4/framework/system/Cache/CacheFactory.php(84): CodeIgniter\Cache\Handlers\FileHandler->__construct()
#2 /var/www/html/hapnanarsad.tech/vendor/codeigniter4/framework/system/Config/Services.php(123): CodeIgniter\Cache\CacheFactory::getHandler()
#3 /var/www/html/hapnanarsad.tech/vendor/codeigniter4/framework/system/Config/BaseService.php(123): CodeIgniter\Config\Services::cache()
#4 /var/www/html/hapnanarsad.tech/vendor/codeigniter4/framework/system/Config/Services.php(115): CodeIgniter\Config\BaseService::getSharedInstance()
#5 /var/www/html/hapnanarsad.tech/vendor/codeigniter4/framework/system/Common.php(102): CodeIgniter\Config\Services::cache()
#6 /var/www/html/hapnanarsad.tech/vendor/codeigniter4/framework/system/CodeIgniter.php(629): cache()
#7 /var/www/html/hapnanarsad.tech/vendor/codeigniter4/framework/system/CodeIgniter.php(298): CodeIgniter\CodeIgniter->displayCache()
#8 /var/www/html/hapnanarsad.tech/public/index.php(45): CodeIgniter\CodeIgniter->run()
#9 {main}
